app/build/intermediates/manifest_merge_blame_file/debug/manifest-merger-blame-debug-report.txt
1<?xml version="1.0" encoding="utf-8"?>
2<manifest xmlns:android="http://schemas.android.com/apk/res/android"
3    package="com.alltools.toolbox.utility.calculator"
4    android:versionCode="1"
5    android:versionName="1.0" >
6
7    <uses-sdk
8        android:minSdkVersion="24"
9        android:targetSdkVersion="34" />
10
11    <uses-permission android:name="android.permission.ACCESS_FINE_LOCATION" />
11-->src\main\AndroidManifest.xml:5:5-79
11-->src\main\AndroidManifest.xml:5:22-76
12    <uses-permission android:name="android.permission.ACCESS_COARSE_LOCATION" />
12-->src\main\AndroidManifest.xml:6:5-81
12-->src\main\AndroidManifest.xml:6:22-78
13    <uses-permission android:name="android.permission.FOREGROUND_SERVICE" />
13-->src\main\AndroidManifest.xml:7:5-77
13-->src\main\AndroidManifest.xml:7:22-74
14    <uses-permission android:name="android.permission.POST_NOTIFICATIONS" />
14-->src\main\AndroidManifest.xml:8:5-77
14-->src\main\AndroidManifest.xml:8:22-74
15    <uses-permission android:name="android.permission.FOREGROUND_SERVICE_LOCATION" />
15-->src\main\AndroidManifest.xml:9:5-86
15-->src\main\AndroidManifest.xml:9:22-83
16    <uses-permission android:name="android.permission.CAMERA" />
16-->src\main\AndroidManifest.xml:10:5-65
16-->src\main\AndroidManifest.xml:10:22-62
17    <uses-permission android:name="android.permission.INTERNET" />
17-->src\main\AndroidManifest.xml:11:5-67
17-->src\main\AndroidManifest.xml:11:22-64
18
19    <uses-feature
19-->src\main\AndroidManifest.xml:13:5-15:36
20        android:name="android.hardware.camera"
20-->src\main\AndroidManifest.xml:14:9-47
21        android:required="false" />
21-->src\main\AndroidManifest.xml:15:9-33
22
23    <uses-permission android:name="android.permission.VIBRATE" />
23-->src\main\AndroidManifest.xml:17:5-66
23-->src\main\AndroidManifest.xml:17:22-63
24    <uses-permission android:name="android.permission.WRITE_EXTERNAL_STORAGE" />
24-->src\main\AndroidManifest.xml:18:5-81
24-->src\main\AndroidManifest.xml:18:22-78
25    <uses-permission android:name="android.permission.READ_EXTERNAL_STORAGE" />
25-->src\main\AndroidManifest.xml:19:5-80
25-->src\main\AndroidManifest.xml:19:22-77
26    <uses-permission android:name="android.permission.RECORD_VIDEO" />
26-->src\main\AndroidManifest.xml:20:5-71
26-->src\main\AndroidManifest.xml:20:22-68
27    <uses-permission android:name="android.permission.RECORD_AUDIO" />
27-->src\main\AndroidManifest.xml:21:5-71
27-->src\main\AndroidManifest.xml:21:22-68
28    <uses-permission android:name="android.permission.SYSTEM_ALERT_WINDOW" />
28-->src\main\AndroidManifest.xml:22:5-78
28-->src\main\AndroidManifest.xml:22:22-75
29    <uses-permission android:name="com.google.android.gms.permission.AD_ID" />
29-->src\main\AndroidManifest.xml:23:5-79
29-->src\main\AndroidManifest.xml:23:22-76
30    <uses-permission android:name="android.permission.READ_MEDIA_VIDEO" />
30-->src\main\AndroidManifest.xml:24:5-75
30-->src\main\AndroidManifest.xml:24:22-72
31    <uses-permission android:name="android.permission.INTERNET" />
31-->src\main\AndroidManifest.xml:11:5-67
31-->src\main\AndroidManifest.xml:11:22-64
32    <uses-permission android:name="android.permission.FOREGROUND_SERVICE_CAMERA" />
32-->src\main\AndroidManifest.xml:26:5-84
32-->src\main\AndroidManifest.xml:26:22-81
33    <uses-permission android:name="android.permission.FOREGROUND_SERVICE" />
33-->src\main\AndroidManifest.xml:7:5-77
33-->src\main\AndroidManifest.xml:7:22-74
34    <uses-permission android:name="android.permission.FOREGROUND_SERVICE_MICROPHONE" />
34-->src\main\AndroidManifest.xml:28:5-88
34-->src\main\AndroidManifest.xml:28:22-85
35
36    <uses-feature
36-->[com.otaliastudios:cameraview:2.7.2] AndroidManifest.xml:22:5-24:36
37        android:name="android.hardware.camera.autofocus"
37-->[com.otaliastudios:cameraview:2.7.2] AndroidManifest.xml:23:9-57
38        android:required="false" />
38-->[com.otaliastudios:cameraview:2.7.2] AndroidManifest.xml:24:9-33
39    <uses-feature
39-->[com.otaliastudios:cameraview:2.7.2] AndroidManifest.xml:25:5-27:36
40        android:name="android.hardware.camera.front"
40-->[com.otaliastudios:cameraview:2.7.2] AndroidManifest.xml:26:9-53
41        android:required="false" />
41-->[com.otaliastudios:cameraview:2.7.2] AndroidManifest.xml:27:9-33
42    <uses-feature
42-->[com.otaliastudios:cameraview:2.7.2] AndroidManifest.xml:28:5-30:36
43        android:name="android.hardware.microphone"
43-->[com.otaliastudios:cameraview:2.7.2] AndroidManifest.xml:29:9-51
44        android:required="false" />
44-->[com.otaliastudios:cameraview:2.7.2] AndroidManifest.xml:30:9-33
45
46    <uses-permission android:name="android.permission.WAKE_LOCK" /> <!-- Include required permissions for Google Maps API to run. -->
46-->[com.github.nguyenhoanglam:ImagePicker:1.3.2] AndroidManifest.xml:13:5-68
46-->[com.github.nguyenhoanglam:ImagePicker:1.3.2] AndroidManifest.xml:13:22-65
47    <uses-permission android:name="android.permission.ACCESS_NETWORK_STATE" />
47-->[com.google.android.gms:play-services-maps:18.1.0] AndroidManifest.xml:23:5-79
47-->[com.google.android.gms:play-services-maps:18.1.0] AndroidManifest.xml:23:22-76
48
49    <uses-feature
49-->[com.google.android.gms:play-services-maps:18.1.0] AndroidManifest.xml:26:5-28:35
50        android:glEsVersion="0x00020000"
50-->[com.google.android.gms:play-services-maps:18.1.0] AndroidManifest.xml:27:9-41
51        android:required="true" />
51-->[com.google.android.gms:play-services-maps:18.1.0] AndroidManifest.xml:28:9-32
52
53    <queries>
53-->[com.google.android.gms:play-services-maps:18.1.0] AndroidManifest.xml:30:5-34:15
54
55        <!-- Needs to be explicitly declared on Android R+ -->
56        <package android:name="com.google.android.apps.maps" />
56-->[com.google.android.gms:play-services-maps:18.1.0] AndroidManifest.xml:33:9-64
56-->[com.google.android.gms:play-services-maps:18.1.0] AndroidManifest.xml:33:18-61
57    </queries>
58
59    <permission
59-->[androidx.core:core:1.13.1] AndroidManifest.xml:22:5-24:47
60        android:name="com.alltools.toolbox.utility.calculator.DYNAMIC_RECEIVER_NOT_EXPORTED_PERMISSION"
60-->[androidx.core:core:1.13.1] AndroidManifest.xml:23:9-81
61        android:protectionLevel="signature" />
61-->[androidx.core:core:1.13.1] AndroidManifest.xml:24:9-44
62
63    <uses-permission android:name="com.alltools.toolbox.utility.calculator.DYNAMIC_RECEIVER_NOT_EXPORTED_PERMISSION" />
63-->[androidx.core:core:1.13.1] AndroidManifest.xml:26:5-97
63-->[androidx.core:core:1.13.1] AndroidManifest.xml:26:22-94
64
65    <application
65-->src\main\AndroidManifest.xml:30:5-254:19
66        android:name="com.alltools.toolbox.utility.calculator.application.App"
66-->src\main\AndroidManifest.xml:31:9-40
67        android:allowBackup="true"
67-->src\main\AndroidManifest.xml:32:9-35
68        android:appComponentFactory="androidx.core.app.CoreComponentFactory"
68-->[androidx.core:core:1.13.1] AndroidManifest.xml:28:18-86
69        android:dataExtractionRules="@xml/data_extraction_rules"
69-->src\main\AndroidManifest.xml:33:9-65
70        android:debuggable="true"
71        android:extractNativeLibs="false"
72        android:fullBackupContent="@xml/backup_rules"
72-->src\main\AndroidManifest.xml:34:9-54
73        android:icon="@mipmap/ic_launcher"
73-->src\main\AndroidManifest.xml:35:9-43
74        android:label="@string/app_name"
74-->src\main\AndroidManifest.xml:36:9-41
75        android:roundIcon="@mipmap/ic_launcher_round"
75-->src\main\AndroidManifest.xml:37:9-54
76        android:supportsRtl="true"
76-->src\main\AndroidManifest.xml:38:9-35
77        android:theme="@style/Theme.AppCompat.Light.NoActionBar" >
77-->src\main\AndroidManifest.xml:39:9-65
78        <activity
78-->src\main\AndroidManifest.xml:41:9-43:40
79            android:name="com.alltools.toolbox.utility.calculator.MathAndFinanceActivities.UnitConverter.StorageConverter.StorageConverterActivity"
79-->src\main\AndroidManifest.xml:42:13-109
80            android:exported="false" />
80-->src\main\AndroidManifest.xml:43:13-37
81        <activity
81-->src\main\AndroidManifest.xml:44:9-46:40
82            android:name="com.alltools.toolbox.utility.calculator.MathAndFinanceActivities.UnitConverter.VolumeConverter.VolumeConverterActivity"
82-->src\main\AndroidManifest.xml:45:13-107
83            android:exported="false" />
83-->src\main\AndroidManifest.xml:46:13-37
84        <activity
84-->src\main\AndroidManifest.xml:47:9-49:40
85            android:name="com.alltools.toolbox.utility.calculator.MathAndFinanceActivities.UnitConverter.MassConverter.MassConverterActivity"
85-->src\main\AndroidManifest.xml:48:13-103
86            android:exported="false" />
86-->src\main\AndroidManifest.xml:49:13-37
87        <activity
87-->src\main\AndroidManifest.xml:50:9-52:40
88            android:name="com.alltools.toolbox.utility.calculator.MathAndFinanceActivities.UnitConverter.TimeConverter.TimeConverterActivity"
88-->src\main\AndroidManifest.xml:51:13-103
89            android:exported="false" />
89-->src\main\AndroidManifest.xml:52:13-37
90        <activity
90-->src\main\AndroidManifest.xml:53:9-55:40
91            android:name="com.alltools.toolbox.utility.calculator.MathAndFinanceActivities.UnitConverter.LengthConverter.LengthConverterActivity"
91-->src\main\AndroidManifest.xml:54:13-107
92            android:exported="false" />
92-->src\main\AndroidManifest.xml:55:13-37
93        <activity
93-->src\main\AndroidManifest.xml:56:9-59:72
94            android:name="com.alltools.toolbox.utility.calculator.MathAndFinanceActivities.UnitConverter.AreaConverter.AreaConverterActivity"
94-->src\main\AndroidManifest.xml:57:13-103
95            android:exported="false"
95-->src\main\AndroidManifest.xml:58:13-37
96            android:theme="@style/Theme.Material3.Light.NoActionBar" />
96-->src\main\AndroidManifest.xml:59:13-69
97        <activity
97-->src\main\AndroidManifest.xml:60:9-62:40
98            android:name="com.alltools.toolbox.utility.calculator.MathAndFinanceActivities.UnitConverter.UnitsActivityMain"
98-->src\main\AndroidManifest.xml:61:13-85
99            android:exported="false" />
99-->src\main\AndroidManifest.xml:62:13-37
100        <activity
100-->src\main\AndroidManifest.xml:63:9-65:40
101            android:name="com.alltools.toolbox.utility.calculator.EssentialTools.VoiceRecorder.SavedRecords.SavedRecordingsActivity"
101-->src\main\AndroidManifest.xml:64:13-94
102            android:exported="false" />
102-->src\main\AndroidManifest.xml:65:13-37
103        <activity
103-->src\main\AndroidManifest.xml:66:9-69:72
104            android:name="com.alltools.toolbox.utility.calculator.MathAndFinanceActivities.RandomNumbersAndPassword.RandomHomeActivity"
104-->src\main\AndroidManifest.xml:67:13-97
105            android:exported="false"
105-->src\main\AndroidManifest.xml:68:13-37
106            android:theme="@style/Theme.Material3.Light.NoActionBar" />
106-->src\main\AndroidManifest.xml:69:13-69
107        <activity
107-->src\main\AndroidManifest.xml:70:9-73:72
108            android:name="com.alltools.toolbox.utility.calculator.EssentialTools.VoiceRecorder.VoiceRecorder"
108-->src\main\AndroidManifest.xml:71:13-71
109            android:exported="false"
109-->src\main\AndroidManifest.xml:72:13-37
110            android:theme="@style/Theme.Material3.Light.NoActionBar" />
110-->src\main\AndroidManifest.xml:73:13-69
111        <activity
111-->src\main\AndroidManifest.xml:74:9-76:40
112            android:name="com.alltools.toolbox.utility.calculator.EssentialTools.VoiceRecorder.VoiceRecorderMain"
112-->src\main\AndroidManifest.xml:75:13-75
113            android:exported="false" />
113-->src\main\AndroidManifest.xml:76:13-37
114
115        <receiver android:name="com.alltools.toolbox.utility.calculator.CommonToolsActivity.HiddenCamera.Helper.PauseActionBroadcast" />
115-->src\main\AndroidManifest.xml:78:9-98
115-->src\main\AndroidManifest.xml:78:19-95
116
117        <service android:name="com.alltools.toolbox.utility.calculator.EssentialTools.VoiceRecorder.RecordingService" />
117-->src\main\AndroidManifest.xml:80:9-82
117-->src\main\AndroidManifest.xml:80:18-79
118        <service
118-->src\main\AndroidManifest.xml:81:9-85:65
119            android:name="com.alltools.toolbox.utility.calculator.CommonToolsActivity.HiddenCamera.MainService"
119-->src\main\AndroidManifest.xml:82:13-73
120            android:enabled="true"
120-->src\main\AndroidManifest.xml:83:13-35
121            android:exported="true"
121-->src\main\AndroidManifest.xml:84:13-36
122            android:foregroundServiceType="camera|microphone" />
122-->src\main\AndroidManifest.xml:85:13-62
123
124        <activity
124-->src\main\AndroidManifest.xml:87:9-89:40
125            android:name="com.alltools.toolbox.utility.calculator.CommonToolsActivity.HiddenCamera.HiddenCameraActivity"
125-->src\main\AndroidManifest.xml:88:13-82
126            android:exported="false" />
126-->src\main\AndroidManifest.xml:89:13-37
127        <activity
127-->src\main\AndroidManifest.xml:90:9-92:40
128            android:name="com.alltools.toolbox.utility.calculator.MathAndFinanceActivities.ClothSize.ClothActivity"
128-->src\main\AndroidManifest.xml:91:13-77
129            android:exported="false" />
129-->src\main\AndroidManifest.xml:92:13-37
130        <activity
130-->src\main\AndroidManifest.xml:93:9-97:72
131            android:name="com.alltools.toolbox.utility.calculator.EssentialTools.MetalDetector.MetalDetectorActivity"
131-->src\main\AndroidManifest.xml:94:13-79
132            android:exported="false"
132-->src\main\AndroidManifest.xml:95:13-37
133            android:screenOrientation="portrait"
133-->src\main\AndroidManifest.xml:96:13-49
134            android:theme="@style/Theme.Material3.Light.NoActionBar" />
134-->src\main\AndroidManifest.xml:97:13-69
135        <activity
135-->src\main\AndroidManifest.xml:98:9-101:52
136            android:name="com.alltools.toolbox.utility.calculator.MathAndFinanceActivities.BubbleLever.MainActivityBubble"
136-->src\main\AndroidManifest.xml:99:13-84
137            android:exported="false"
137-->src\main\AndroidManifest.xml:100:13-37
138            android:screenOrientation="portrait" />
138-->src\main\AndroidManifest.xml:101:13-49
139        <activity
139-->src\main\AndroidManifest.xml:102:9-104:40
140            android:name="com.alltools.toolbox.utility.calculator.CommonToolsActivity.ImageCompressor.ImageCompressorActivity"
140-->src\main\AndroidManifest.xml:103:13-88
141            android:exported="false" />
141-->src\main\AndroidManifest.xml:104:13-37
142        <activity
142-->src\main\AndroidManifest.xml:105:9-107:40
143            android:name="com.alltools.toolbox.utility.calculator.CommonToolsActivity.ImageCompressor.ImageResizerActivity"
143-->src\main\AndroidManifest.xml:106:13-85
144            android:exported="false" />
144-->src\main\AndroidManifest.xml:107:13-37
145        <activity
145-->src\main\AndroidManifest.xml:108:9-110:40
146            android:name="com.alltools.toolbox.utility.calculator.MathAndFinanceActivities.FuelCost.FuelCostActivity"
146-->src\main\AndroidManifest.xml:109:13-79
147            android:exported="false" />
147-->src\main\AndroidManifest.xml:110:13-37
148        <activity
148-->src\main\AndroidManifest.xml:111:9-113:40
149            android:name="com.alltools.toolbox.utility.calculator.MathAndFinanceActivities.DiscountCalculator.DiscountCalculatorActivity"
149-->src\main\AndroidManifest.xml:112:13-99
150            android:exported="false" />
150-->src\main\AndroidManifest.xml:113:13-37
151        <activity
151-->src\main\AndroidManifest.xml:114:9-116:40
152            android:name="com.alltools.toolbox.utility.calculator.EssentialTools.Location.LocationActivity"
152-->src\main\AndroidManifest.xml:115:13-69
153            android:exported="false" />
153-->src\main\AndroidManifest.xml:116:13-37
154
155        <meta-data
155-->src\main\AndroidManifest.xml:118:9-120:71
156            android:name="com.google.android.geo.API_KEY"
156-->src\main\AndroidManifest.xml:119:13-58
157            android:value="AIzaSyBb_gH66e8PutA4kM08Hr6_r8XghEVp6SI" />
157-->src\main\AndroidManifest.xml:120:13-68
158
159        <activity
159-->src\main\AndroidManifest.xml:122:9-124:40
160            android:name="com.alltools.toolbox.utility.calculator.EssentialTools.Magnifier.ImageDisplayActivity"
160-->src\main\AndroidManifest.xml:123:13-74
161            android:exported="false" />
161-->src\main\AndroidManifest.xml:124:13-37
162        <activity
162-->src\main\AndroidManifest.xml:125:9-127:40
163            android:name="com.alltools.toolbox.utility.calculator.EssentialTools.Magnifier.MagnifierActivity"
163-->src\main\AndroidManifest.xml:126:13-71
164            android:exported="false" />
164-->src\main\AndroidManifest.xml:127:13-37
165        <activity
165-->src\main\AndroidManifest.xml:128:9-130:40
166            android:name="com.alltools.toolbox.utility.calculator.MathAndFinanceActivities.Countdown.CountdownActivity"
166-->src\main\AndroidManifest.xml:129:13-81
167            android:exported="false" />
167-->src\main\AndroidManifest.xml:130:13-37
168        <activity
168-->src\main\AndroidManifest.xml:131:9-133:40
169            android:name="com.alltools.toolbox.utility.calculator.MathAndFinanceActivities.Countdown.SetTimeActivity"
169-->src\main\AndroidManifest.xml:132:13-79
170            android:exported="false" />
170-->src\main\AndroidManifest.xml:133:13-37
171        <activity
171-->src\main\AndroidManifest.xml:134:9-136:40
172            android:name="com.alltools.toolbox.utility.calculator.EssentialTools.SpeedMeter.SpeedMeterActivity"
172-->src\main\AndroidManifest.xml:135:13-73
173            android:exported="false" />
173-->src\main\AndroidManifest.xml:136:13-37
174        <activity
174-->src\main\AndroidManifest.xml:137:9-139:40
175            android:name="com.alltools.toolbox.utility.calculator.CommonToolsActivity.ImageToPDF.ImageToPdfActivity"
175-->src\main\AndroidManifest.xml:138:13-78
176            android:exported="false" />
176-->src\main\AndroidManifest.xml:139:13-37
177        <activity
177-->src\main\AndroidManifest.xml:140:9-142:40
178            android:name="com.alltools.toolbox.utility.calculator.MathAndFinanceActivities.Countdown.CountDownStartActivity"
178-->src\main\AndroidManifest.xml:141:13-86
179            android:exported="false" />
179-->src\main\AndroidManifest.xml:142:13-37
180        <activity
180-->src\main\AndroidManifest.xml:143:9-145:40
181            android:name="com.alltools.toolbox.utility.calculator.MathAndFinanceActivities.Protector.ProtectorActivity"
181-->src\main\AndroidManifest.xml:144:13-81
182            android:exported="false" />
182-->src\main\AndroidManifest.xml:145:13-37
183        <activity
183-->src\main\AndroidManifest.xml:146:9-148:40
184            android:name="com.alltools.toolbox.utility.calculator.MathAndFinanceActivities.ScientificCalculator.ScientificCalculatorActivity"
184-->src\main\AndroidManifest.xml:147:13-103
185            android:exported="false" />
185-->src\main\AndroidManifest.xml:148:13-37
186        <activity
186-->src\main\AndroidManifest.xml:149:9-151:40
187            android:name="com.alltools.toolbox.utility.calculator.MathAndFinanceActivities.PercentageCalculator.PercentageCalculatorActivity"
187-->src\main\AndroidManifest.xml:150:13-103
188            android:exported="false" />
188-->src\main\AndroidManifest.xml:151:13-37
189        <activity
189-->src\main\AndroidManifest.xml:152:9-154:40
190            android:name="com.alltools.toolbox.utility.calculator.MathAndFinanceActivities.AgeCalculator.AgeCalculatorActivity"
190-->src\main\AndroidManifest.xml:153:13-89
191            android:exported="false" />
191-->src\main\AndroidManifest.xml:154:13-37
192        <activity
192-->src\main\AndroidManifest.xml:155:9-157:40
193            android:name="com.alltools.toolbox.utility.calculator.TimeAndDateActivity.TapCounter.TapCounterActivity"
193-->src\main\AndroidManifest.xml:156:13-78
194            android:exported="false" />
194-->src\main\AndroidManifest.xml:157:13-37
195        <activity
195-->src\main\AndroidManifest.xml:158:9-160:40
196            android:name="com.alltools.toolbox.utility.calculator.EssentialTools.QRCode.ScanQRCodeActivity"
196-->src\main\AndroidManifest.xml:159:13-69
197            android:exported="false" />
197-->src\main\AndroidManifest.xml:160:13-37
198        <activity
198-->src\main\AndroidManifest.xml:161:9-163:40
199            android:name="com.alltools.toolbox.utility.calculator.EssentialTools.QRCode.QRCodeActivity"
199-->src\main\AndroidManifest.xml:162:13-65
200            android:exported="false" />
200-->src\main\AndroidManifest.xml:163:13-37
201        <activity
201-->src\main\AndroidManifest.xml:164:9-166:40
202            android:name="com.alltools.toolbox.utility.calculator.MathAndFinanceActivities.SimpleCalculator.SimpleCalculatorActivity"
202-->src\main\AndroidManifest.xml:165:13-95
203            android:exported="false" />
203-->src\main\AndroidManifest.xml:166:13-37
204        <activity
204-->src\main\AndroidManifest.xml:167:9-169:40
205            android:name="com.alltools.toolbox.utility.calculator.CommonToolsActivity.DeviceDetails.DeviceDetailsActivity"
205-->src\main\AndroidManifest.xml:168:13-84
206            android:exported="false" />
206-->src\main\AndroidManifest.xml:169:13-37
207        <activity
207-->src\main\AndroidManifest.xml:170:9-173:75
208            android:name="com.alltools.toolbox.utility.calculator.CommonToolsActivity.TextToSpeech.TextToSpeechActivity"
208-->src\main\AndroidManifest.xml:171:13-82
209            android:exported="false"
209-->src\main\AndroidManifest.xml:172:13-37
210            android:theme="@style/Theme.MaterialComponents.NoActionBar" />
210-->src\main\AndroidManifest.xml:173:13-72
211        <activity
211-->src\main\AndroidManifest.xml:174:9-176:40
212            android:name="com.alltools.toolbox.utility.calculator.TimeAndDateActivity.StopWatch.StopWatchActivity"
212-->src\main\AndroidManifest.xml:175:13-76
213            android:exported="false" />
213-->src\main\AndroidManifest.xml:176:13-37
214        <activity
214-->src\main\AndroidManifest.xml:177:9-180:53
215            android:name="com.alltools.toolbox.utility.calculator.MathAndFinanceActivities.Ruler.StraightRulerActivity"
215-->src\main\AndroidManifest.xml:178:13-81
216            android:exported="false"
216-->src\main\AndroidManifest.xml:179:13-37
217            android:screenOrientation="landscape" />
217-->src\main\AndroidManifest.xml:180:13-50
218        <activity
218-->src\main\AndroidManifest.xml:181:9-183:40
219            android:name="com.alltools.toolbox.utility.calculator.MathAndFinanceActivities.PeriodicTable.PeriodicTableActivity"
219-->src\main\AndroidManifest.xml:182:13-89
220            android:exported="false" />
220-->src\main\AndroidManifest.xml:183:13-37
221        <activity
221-->src\main\AndroidManifest.xml:184:9-187:53
222            android:name="com.alltools.toolbox.utility.calculator.CommonToolsActivity.PianoActivity.PianoActivity"
222-->src\main\AndroidManifest.xml:185:13-76
223            android:exported="false"
223-->src\main\AndroidManifest.xml:186:13-37
224            android:screenOrientation="landscape" />
224-->src\main\AndroidManifest.xml:187:13-50
225        <activity
225-->src\main\AndroidManifest.xml:188:9-190:40
226            android:name="com.alltools.toolbox.utility.calculator.TimeAndDateActivity.CalenderCodes.activities.Calender_Main"
226-->src\main\AndroidManifest.xml:189:13-87
227            android:exported="false" />
227-->src\main\AndroidManifest.xml:190:13-37
228        <activity
228-->src\main\AndroidManifest.xml:191:9-193:40
229            android:name="com.alltools.toolbox.utility.calculator.MathAndFinanceActivities.ShoeSize.ShoeSizeActivity"
229-->src\main\AndroidManifest.xml:192:13-79
230            android:exported="false" />
230-->src\main\AndroidManifest.xml:193:13-37
231        <activity
231-->src\main\AndroidManifest.xml:194:9-196:40
232            android:name="com.alltools.toolbox.utility.calculator.EssentialTools.FlashLight.FlashlightActivity"
232-->src\main\AndroidManifest.xml:195:13-73
233            android:exported="false" />
233-->src\main\AndroidManifest.xml:196:13-37
234        <activity
234-->src\main\AndroidManifest.xml:197:9-199:40
235            android:name="com.alltools.toolbox.utility.calculator.EssentialTools.Compass.CompassActivity"
235-->src\main\AndroidManifest.xml:198:13-67
236            android:exported="false" />
236-->src\main\AndroidManifest.xml:199:13-37
237        <activity
237-->src\main\AndroidManifest.xml:200:9-202:40
238            android:name="com.alltools.toolbox.utility.calculator.MathAndFinanceActivities.MathAndFinanceActivity"
238-->src\main\AndroidManifest.xml:201:13-76
239            android:exported="false" />
239-->src\main\AndroidManifest.xml:202:13-37
240        <activity
240-->src\main\AndroidManifest.xml:203:9-205:40
241            android:name="com.alltools.toolbox.utility.calculator.TimeAndDateActivity.TimeAndDateActivity"
241-->src\main\AndroidManifest.xml:204:13-68
242            android:exported="false" />
242-->src\main\AndroidManifest.xml:205:13-37
243        <activity
243-->src\main\AndroidManifest.xml:206:9-208:40
244            android:name="com.alltools.toolbox.utility.calculator.CommonToolsActivity.CommonToolsActivty"
244-->src\main\AndroidManifest.xml:207:13-67
245            android:exported="false" />
245-->src\main\AndroidManifest.xml:208:13-37
246        <activity
246-->src\main\AndroidManifest.xml:209:9-211:40
247            android:name="com.alltools.toolbox.utility.calculator.EssentialTools.EssentialToolsActivity"
247-->src\main\AndroidManifest.xml:210:13-66
248            android:exported="false" />
248-->src\main\AndroidManifest.xml:211:13-37
249        <activity
249-->src\main\AndroidManifest.xml:212:9-220:20
250            android:name="com.alltools.toolbox.utility.calculator.GetStartedActivity.GetStarted"
250-->src\main\AndroidManifest.xml:213:13-58
251            android:exported="true" >
251-->src\main\AndroidManifest.xml:214:13-36
252            <intent-filter>
252-->src\main\AndroidManifest.xml:215:13-219:29
253                <action android:name="android.intent.action.MAIN" />
253-->src\main\AndroidManifest.xml:216:17-69
253-->src\main\AndroidManifest.xml:216:25-66
254
255                <category android:name="android.intent.category.LAUNCHER" />
255-->src\main\AndroidManifest.xml:218:17-77
255-->src\main\AndroidManifest.xml:218:27-74
256            </intent-filter>
257        </activity>
258        <activity
258-->src\main\AndroidManifest.xml:221:9-223:39
259            android:name="com.alltools.toolbox.utility.calculator.MainActivity"
259-->src\main\AndroidManifest.xml:222:13-41
260            android:exported="true" />
260-->src\main\AndroidManifest.xml:223:13-36
261
262        <meta-data
262-->src\main\AndroidManifest.xml:225:9-227:57
263            android:name="preloaded_fonts"
263-->src\main\AndroidManifest.xml:226:13-43
264            android:resource="@array/preloaded_fonts" />
264-->src\main\AndroidManifest.xml:227:13-54
265
266        <service
266-->src\main\AndroidManifest.xml:229:9-233:74
267            android:name="com.alltools.toolbox.utility.calculator.EssentialTools.SpeedMeter.GpsServices"
267-->src\main\AndroidManifest.xml:230:13-66
268            android:exported="false"
268-->src\main\AndroidManifest.xml:231:13-37
269            android:foregroundServiceType="location"
269-->src\main\AndroidManifest.xml:232:13-53
270            android:permission="android.permission.FOREGROUND_SERVICE" />
270-->src\main\AndroidManifest.xml:233:13-71
271
272        <provider
273            android:name="androidx.core.content.FileProvider"
273-->src\main\AndroidManifest.xml:236:13-62
274            android:authorities="com.alltools.toolbox.utility.calculator.fileprovider"
274-->src\main\AndroidManifest.xml:237:13-64
275            android:exported="false"
275-->src\main\AndroidManifest.xml:238:13-37
276            android:grantUriPermissions="true" >
276-->src\main\AndroidManifest.xml:239:13-47
277            <meta-data
277-->src\main\AndroidManifest.xml:240:13-242:66
278                android:name="android.support.FILE_PROVIDER_PATHS"
278-->src\main\AndroidManifest.xml:241:17-67
279                android:resource="@xml/imagepicker_file_paths" />
279-->src\main\AndroidManifest.xml:242:17-63
280        </provider>
281
282        <activity
282-->src\main\AndroidManifest.xml:245:9-247:40
283            android:name="com.alltools.toolbox.utility.calculator.CommonToolsActivity.TodoList.editTask"
283-->src\main\AndroidManifest.xml:246:13-66
284            android:exported="false" />
284-->src\main\AndroidManifest.xml:247:13-37
285        <activity
285-->src\main\AndroidManifest.xml:248:9-250:40
286            android:name="com.alltools.toolbox.utility.calculator.CommonToolsActivity.TodoList.AddTaskActivity"
286-->src\main\AndroidManifest.xml:249:13-73
287            android:exported="false" />
287-->src\main\AndroidManifest.xml:250:13-37
288        <activity
288-->src\main\AndroidManifest.xml:251:9-253:39
289            android:name="com.alltools.toolbox.utility.calculator.CommonToolsActivity.TodoList.TodoListMainActivity"
289-->src\main\AndroidManifest.xml:252:13-78
290            android:exported="true" />
290-->src\main\AndroidManifest.xml:253:13-36
291        <activity
291-->[com.github.nguyenhoanglam:ImagePicker:1.3.2] AndroidManifest.xml:16:9-19:67
292            android:name="com.nguyenhoanglam.imagepicker.ui.imagepicker.ImagePickerActivity"
292-->[com.github.nguyenhoanglam:ImagePicker:1.3.2] AndroidManifest.xml:17:13-93
293            android:configChanges="orientation|screenSize"
293-->[com.github.nguyenhoanglam:ImagePicker:1.3.2] AndroidManifest.xml:18:13-59